2017-02-26 19:12:02,439 476  [main] INFO  org.wanwanframework.file.spiritgirl.SpiritgirlController - init end...
2017-02-26 19:15:44,788 70837 [main] INFO  org.wanwanframework.file.spiritgirl.SpiritgirlController - init end...
2017-02-26 19:16:57,117 62756 [main] INFO  org.wanwanframework.file.spiritgirl.SpiritgirlController - init end...
2017-02-26 19:17:45,930 425  [main] INFO  org.wanwanframework.file.spiritgirl.SpiritgirlController - init end...
2017-02-26 19:18:28,560 418  [main] INFO  org.wanwanframework.file.spiritgirl.SpiritgirlController - init end...
2017-02-26 19:18:55,167 433  [main] INFO  org.wanwanframework.file.spiritgirl.SpiritgirlController - init end...
2017-02-28 23:28:45,243 582  [main] INFO  org.wanwanframework.file.spiritgirl.SpiritgirlController - init end...
2017-02-28 23:29:01,757 390  [main] INFO  org.wanwanframework.file.spiritgirl.SpiritgirlController - init end...
2017-02-28 23:34:55,787 411  [main] INFO  org.wanwanframework.file.spiritgirl.SpiritgirlController - init end...
2017-07-28 19:58:38,495 1043 [main] INFO  org.wanwanframwork.file.Log - key:@root, value:E:/git/wanwang/auto/wanwan-spirit
2017-07-28 19:58:38,510 1058 [main] INFO  org.wanwanframwork.file.Log - key:@name, value:spiritgirl
2017-07-28 19:58:38,511 1059 [main] INFO  org.wanwanframwork.file.Log - key:@Name, value:Spiritgirl
2017-07-28 19:58:38,514 1062 [main] INFO  org.wanwanframwork.file.Log - key:@package, value:org.wanwanframework.file.spiritgirl
2017-07-28 19:58:38,596 1144 [main] INFO  org.wanwanframwork.file.Log - key:readme@file, value:E:/git/wanwang/auto/wanwan-spirit/readme.txt
2017-07-28 19:58:38,597 1145 [main] INFO  org.wanwanframwork.file.Log - key:@root, value:E:/git/wanwang/auto/wanwan-spirit
2017-07-28 19:58:38,597 1145 [main] INFO  org.wanwanframwork.file.Log - key:@name, value:spiritgirl
2017-07-28 19:58:38,598 1146 [main] INFO  org.wanwanframwork.file.Log - key:@Name, value:Spiritgirl
2017-07-28 19:58:38,598 1146 [main] INFO  org.wanwanframwork.file.Log - key:@package, value:org.wanwanframework.file.spiritgirl
2017-07-28 19:58:38,599 1147 [main] INFO  org.wanwanframwork.file.Log - key:@root, value:E:/git/wanwang/auto/wanwan-spirit
2017-07-28 19:58:38,600 1148 [main] INFO  org.wanwanframwork.file.Log - key:@name, value:spiritgirl
2017-07-28 19:58:38,601 1149 [main] INFO  org.wanwanframwork.file.Log - key:@Name, value:Spiritgirl
2017-07-28 19:58:38,602 1150 [main] INFO  org.wanwanframwork.file.Log - key:@package, value:org.wanwanframework.file.spiritgirl
2017-07-28 19:58:38,602 1150 [main] INFO  org.wanwanframwork.file.Log - key:@root, value:E:/git/wanwang/auto/wanwan-spirit
2017-07-28 19:58:38,603 1151 [main] INFO  org.wanwanframwork.file.Log - key:@name, value:spiritgirl
2017-07-28 19:58:38,603 1151 [main] INFO  org.wanwanframwork.file.Log - key:@Name, value:Spiritgirl
2017-07-28 19:58:38,605 1153 [main] INFO  org.wanwanframwork.file.Log - key:@package, value:org.wanwanframework.file.spiritgirl
2017-07-28 19:58:38,664 1212 [main] INFO  org.wanwanframwork.file.Log - key:java@folder, value:E:/git/wanwang/auto/wanwan-spirit/src/main/java/org/wanwanframework/file/spiritgirl
2017-07-28 19:58:38,664 1212 [main] INFO  org.wanwanframwork.file.Log - key:@root, value:E:/git/wanwang/auto/wanwan-spirit
2017-07-28 19:58:38,664 1212 [main] INFO  org.wanwanframwork.file.Log - key:@name, value:spiritgirl
2017-07-28 19:58:38,664 1212 [main] INFO  org.wanwanframwork.file.Log - key:@Name, value:Spiritgirl
2017-07-28 19:58:38,665 1213 [main] INFO  org.wanwanframwork.file.Log - key:@package, value:org.wanwanframework.file.spiritgirl
2017-07-28 19:58:38,669 1217 [main] INFO  org.wanwanframwork.file.Log - key:resource@file, value:E:/git/wanwang/auto/wanwan-spirit/src/main/resources/spiritgirl.txt
2017-07-28 19:58:38,673 1221 [main] INFO  org.wanwanframwork.file.Log - key:@root, value:E:/git/wanwang/auto/wanwan-spirit
2017-07-28 19:58:38,674 1222 [main] INFO  org.wanwanframwork.file.Log - key:@name, value:spiritgirl
2017-07-28 19:58:38,676 1224 [main] INFO  org.wanwanframwork.file.Log - key:@Name, value:Spiritgirl
2017-07-28 19:58:38,739 1287 [main] INFO  org.wanwanframwork.file.Log - key:@package, value:org.wanwanframework.file.spiritgirl
2017-07-28 19:58:38,788 1336 [main] INFO  org.wanwanframwork.file.Log - key:test@folder, value:E:/git/wanwang/auto/wanwan-spirit/src/test/java/org/wanwanframework/file/spiritgirl
2017-07-28 19:58:38,789 1337 [main] INFO  org.wanwanframwork.file.Log - key:@root, value:E:/git/wanwang/auto/wanwan-spirit
2017-07-28 19:58:38,789 1337 [main] INFO  org.wanwanframwork.file.Log - key:@name, value:spiritgirl
2017-07-28 19:58:38,790 1338 [main] INFO  org.wanwanframwork.file.Log - key:@Name, value:Spiritgirl
2017-07-28 19:58:38,790 1338 [main] INFO  org.wanwanframwork.file.Log - key:@package, value:org.wanwanframework.file.spiritgirl
2017-07-28 19:58:38,803 1351 [main] INFO  org.wanwanframwork.file.Log - key:pom@file, value:E:/git/wanwang/auto/wanwan-spirit/pom.xml
2017-07-28 19:58:38,805 1353 [main] INFO  org.wanwanframwork.file.Log - key:@root, value:E:/git/wanwang/auto/wanwan-spirit
2017-07-28 19:58:38,843 1391 [main] INFO  org.wanwanframwork.file.Log - key:@name, value:spiritgirl
2017-07-28 19:58:38,844 1392 [main] INFO  org.wanwanframwork.file.Log - key:@Name, value:Spiritgirl
2017-07-28 19:58:38,844 1392 [main] INFO  org.wanwanframwork.file.Log - key:@package, value:org.wanwanframework.file.spiritgirl
2017-07-28 19:58:38,846 1394 [main] INFO  org.wanwanframwork.file.Log - key:controller@file, value:E:/git/wanwang/auto/wanwan-spirit/src/main/java/org/wanwanframework/file/spiritgirl/SpiritgirlController.java
2017-07-28 19:58:38,846 1394 [main] INFO  org.wanwanframwork.file.Log - key:@root, value:E:/git/wanwang/auto/wanwan-spirit
2017-07-28 19:58:38,846 1394 [main] INFO  org.wanwanframwork.file.Log - key:@name, value:spiritgirl
2017-07-28 19:58:38,847 1395 [main] INFO  org.wanwanframwork.file.Log - key:@Name, value:Spiritgirl
2017-07-28 19:58:38,847 1395 [main] INFO  org.wanwanframwork.file.Log - key:@package, value:org.wanwanframework.file.spiritgirl
2017-07-28 19:58:38,848 1396 [main] INFO  org.wanwanframwork.file.Log - key:@root, value:E:/git/wanwang/auto/wanwan-spirit
2017-07-28 19:58:38,849 1397 [main] INFO  org.wanwanframwork.file.Log - key:@name, value:spiritgirl
2017-07-28 19:58:38,849 1397 [main] INFO  org.wanwanframwork.file.Log - key:@Name, value:Spiritgirl
2017-07-28 19:58:38,849 1397 [main] INFO  org.wanwanframwork.file.Log - key:@package, value:org.wanwanframework.file.spiritgirl
2017-07-28 19:58:38,850 1398 [main] INFO  org.wanwanframwork.file.Log - init end...
2017-07-28 19:58:38,851 1399 [main] INFO  org.wanwanframwork.file.Log - content:

